<?xml version="1.0" encoding="UTF-8"?>
<!-- Generated by org.testng.reporters.JUnitXMLReporter -->
<testsuite ignored="0" hostname="DESKTOP-I9RL5TD" failures="1" tests="1" name="Test" time="10.567" errors="0" timestamp="2025-01-21T14:41:41 IST">
  <testcase classname="com_TestCases.Tc_001_Luma_Registration_Page" name="LumaRegistration" time="9.958">
    <failure type="java.lang.AssertionError" message="expected [true] but found [false]">
      <![CDATA[java.lang.AssertionError: expected [true] but found [false]
at com_TestCases.Tc_001_Luma_Registration_Page.LumaRegistration(Tc_001_Luma_Registration_Page.java:57)
at java.base/java.util.ArrayList.forEach(ArrayList.java:1511)
... Removed 34 stack frames]]>
    </failure>
  </testcase> <!-- LumaRegistration -->
</testsuite> <!-- Test -->
