<?xml version="1.0" encoding="UTF-8"?>
<testsuite xmlns:xsi="http://www.w3.org/2001/XMLSchema-instance" xsi:schemaLocation="https://maven.apache.org/surefire/maven-surefire-plugin/xsd/surefire-test-report.xsd" name="TestSuite" time="27.794" tests="1" errors="0" skipped="0" failures="1">
  <properties>
[...]
</properties>
  <testcase name="LumaRegistration" classname="com_TestCases.Tc_001_Luma_Registration_Page" time="9.97">
    <failure message="expected [true] but found [false]" type="java.lang.AssertionError">java.lang.AssertionError: expected [true] but found [false]
	at com_TestCases.Tc_001_Luma_Registration_Page.LumaRegistration(Tc_001_Luma_Registration_Page.java:57)
</failure>
    <system-out><![CDATA[ INFO [main] (Tc_001_Luma_Registration_Page.java:26)- Opened the Register Page
 INFO [main] (Tc_001_Luma_Registration_Page.java:29)- Entered FirstName
 INFO [main] (Tc_001_Luma_Registration_Page.java:32)- Entered LastName
 INFO [main] (Tc_001_Luma_Registration_Page.java:35)- Entered EmailAddress
 INFO [main] (Tc_001_Luma_Registration_Page.java:38)- Entered Encripted_Password
 INFO [main] (Tc_001_Luma_Registration_Page.java:41)- Entered Encripted_ConformPassword
 INFO [main] (Tc_001_Luma_Registration_Page.java:43)- Click on the Button to Register
Test case failed
]]></system-out>
    <system-err><![CDATA[SLF4J: Failed to load class "org.slf4j.impl.StaticLoggerBinder".
SLF4J: Defaulting to no-operation (NOP) logger implementation
SLF4J: See http://www.slf4j.org/codes.html#StaticLoggerBinder for further details.
ERROR StatusLogger Log4j2 could not find a logging implementation. Please add log4j-core to the classpath. Using SimpleLogger to log to the console...
Jan 21, 2025 2:41:20 PM org.openqa.selenium.devtools.CdpVersionFinder findNearestMatch
WARNING: Unable to find CDP implementation matching 131
Jan 21, 2025 2:41:20 PM org.openqa.selenium.chromium.ChromiumDriver lambda$new$5
WARNING: Unable to find version of CDP to use for 131.0.6778.266. You may need to include a dependency on a specific version of the CDP using something similar to `org.seleniumhq.selenium:selenium-devtools-v86:4.11.0` where the version ("v86") matches the version of the chromium-based browser you're using and the version number of the artifact is the same as Selenium's.
log4j:ERROR Could not find value for key log4j.appender.DEBUG
log4j:ERROR Could not instantiate appender named "DEBUG".
]]></system-err>
  </testcase>
</testsuite>